## SLURM PROLOG ###############################################################
##    Job ID : 9891875
##  Job Name : collatz-sim
##  Nodelist : node1318
##      CPUs : 
##  Mem/Node : 4096 MB
## Directory : /gpfs/home/pstey/projects/git-trigger-simulation
##   Job Started : Tue May  9 15:29:05 EDT 2023
###############################################################################
module: unloading 'rust/1.69.0'
module: loading 'rust/1.69.0'
   Compiling libc v0.2.144
   Compiling cfg-if v1.0.0
   Compiling getrandom v0.2.9
   Compiling rand_core v0.6.4
   Compiling ppv-lite86 v0.2.17
   Compiling rand_chacha v0.3.1
   Compiling time-core v0.1.1
   Compiling time v0.3.21
   Compiling rand v0.8.5
   Compiling collatz v0.1.0 (/gpfs/home/pstey/projects/git-trigger-simulation)
    Finished release [optimized] target(s) in 6.37s
     Running `target/release/collatz`
[47502817, 142508452, 71254226, 35627113, 106881340, 53440670, 26720335, 80161006, 40080503, 120241510, 60120755, 180362266, 90181133, 270543400, 135271700, 67635850, 33817925, 101453776, 50726888, 25363444, 12681722, 6340861, 19022584, 9511292, 4755646, 2377823, 7133470, 3566735, 10700206, 5350103, 16050310, 8025155, 24075466, 12037733, 36113200, 18056600, 9028300, 4514150, 2257075, 6771226, 3385613, 10156840, 5078420, 2539210, 1269605, 3808816, 1904408, 952204, 476102, 238051, 714154, 357077, 1071232, 535616, 267808, 133904, 66952, 33476, 16738, 8369, 25108, 12554, 6277, 18832, 9416, 4708, 2354, 1177, 3532, 1766, 883, 2650, 1325, 3976, 1988, 994, 497, 1492, 746, 373, 1120, 560, 280, 140, 70, 35, 106, 53, 160, 80, 40, 20, 10, 5, 16, 8, 4, 2, 1], Duration { seconds: 0, nanoseconds: 844 }
